[0;31mFrank load customized NVML .... done!
[0m[0;34mpGPUCnt:1 name:GeForce GTX 1060 with Max-Q Design -> customize as vGPU 1060

[0m
==============NVSMI LOG==============

Timestamp                           : Mon Feb 11 23:06:28 2019
Driver Version                      : 410.48

Attached GPUs                       : 1
GPU 00000000:01:00.0
    Product Name                    : Frank-vGPU 1060 Max-Q
    Product Brand                   : Quadro
    Display Mode                    : Disabled
    Display Active                  : Disabled
    Persistence Mode                : Disabled
    Accounting Mode                 : Disabled
    Accounting Mode Buffer Size     : 4000
    Driver Model
        Current                     : N/A
        Pending                     : N/A
    Serial Number                   : N/A
    GPU UUID                        : GPU-3a999a5b-f125-d1e1-3923-20565bfda9f2
    Minor Number                    : 0
    VBIOS Version                   : 86.06.60.00.2D
    MultiGPU Board                  : No
    Board ID                        : 0x100
    GPU Part Number                 : N/A
    Inforom Version
        Image Version               : N/A
        OEM Object                  : N/A
        ECC Object                  : N/A
        Power Management Object     : N/A
    GPU Operation Mode
        Current                     : N/A
        Pending                     : N/A
    GPU Virtualization Mode
        Virtualization mode         : None
    IBMNPU
        Relaxed Ordering Mode       : N/A
    PCI
        Bus                         : 0x01
        Device                      : 0x00
        Domain                      : 0x0000
        Device Id                   : 0x1C2010DE
        Bus Id                      : 00000000:01:00.0
        Sub System Id               : 0x08251028
        GPU Link Info
            PCIe Generation
                Max                 : 3
                Current             : 3
            Link Width
                Max                 : 16x
                Current             : 16x
        Bridge Chip
            Type                    : N/A
            Firmware                : N/A
        Replays since reset         : 0
        Tx Throughput               : 2000 KB/s
        Rx Throughput               : 1000 KB/s
    Fan Speed                       : N/A
    Performance State               : P0
    Clocks Throttle Reasons
        Idle                        : Not Active
        Applications Clocks Setting : Not Active
        SW Power Cap                : Not Active
        HW Slowdown                 : Not Active
            HW Thermal Slowdown     : Not Active
            HW Power Brake Slowdown : Not Active
        Sync Boost                  : Not Active
        SW Thermal Slowdown         : Not Active
        Display Clock Setting       : Not Active
    FB Memory Usage
        Total                       : 6078 MiB
        Used                        : 0 MiB
        Free                        : 6078 MiB
    BAR1 Memory Usage
        Total                       : 256 MiB
        Used                        : 2 MiB
        Free                        : 254 MiB
    Compute Mode                    : Default
    Utilization
        Gpu                         : 4 %
        Memory                      : 0 %
        Encoder                     : 0 %
        Decoder                     : 0 %
    Encoder Stats
        Active Sessions             : 0
        Average FPS                 : 0
        Average Latency             : 0
    FBC Stats
        Active Sessions             : 0
        Average FPS                 : 0
        Average Latency             : 0
    Ecc Mode
        Current                     : N/A
        Pending                     : N/A
    ECC Errors
        Volatile
            Single Bit            
                Device Memory       : N/A
                Register File       : N/A
                L1 Cache            : N/A
                L2 Cache            : N/A
                Texture Memory      : N/A
                Texture Shared      : N/A
                CBU                 : N/A
                Total               : N/A
            Double Bit            
                Device Memory       : N/A
                Register File       : N/A
                L1 Cache            : N/A
                L2 Cache            : N/A
                Texture Memory      : N/A
                Texture Shared      : N/A
                CBU                 : N/A
                Total               : N/A
        Aggregate
            Single Bit            
                Device Memory       : N/A
                Register File       : N/A
                L1 Cache            : N/A
                L2 Cache            : N/A
                Texture Memory      : N/A
                Texture Shared      : N/A
                CBU                 : N/A
                Total               : N/A
            Double Bit            
                Device Memory       : N/A
                Register File       : N/A
                L1 Cache            : N/A
                L2 Cache            : N/A
                Texture Memory      : N/A
                Texture Shared      : N/A
                CBU                 : N/A
                Total               : N/A
    Retired Pages
        Single Bit ECC              : N/A
        Double Bit ECC              : N/A
        Pending                     : N/A
    Temperature
        GPU Current Temp            : 55 C
        GPU Shutdown Temp           : 104 C
        GPU Slowdown Temp           : 99 C
        GPU Max Operating Temp      : 96 C
        Memory Current Temp         : N/A
        Memory Max Operating Temp   : N/A
    Power Readings
        Power Management            : N/A
        Power Draw                  : 24.80 W
        Power Limit                 : N/A
        Default Power Limit         : N/A
        Enforced Power Limit        : N/A
        Min Power Limit             : N/A
        Max Power Limit             : N/A
    Clocks
        Graphics                    : 1265 MHz
        SM                          : 1265 MHz
        Memory                      : 4006 MHz
        Video                       : 1139 MHz
    Applications Clocks
        Graphics                    : 1265 MHz
        Memory                      : 4004 MHz
    Default Applications Clocks
        Graphics                    : 1265 MHz
        Memory                      : 4004 MHz
    Max Clocks
        Graphics                    : 1670 MHz
        SM                          : 1670 MHz
        Memory                      : 4004 MHz
        Video                       : 1506 MHz
    Max Customer Boost Clocks
        Graphics                    : N/A
    Clock Policy
        Auto Boost                  : N/A
        Auto Boost Default          : N/A
    Processes                       : None

